#
# There is insufficient memory for the Java Runtime Environment to continue.
# Native memory allocation (mmap) failed to map 134217728 bytes for G1 virtual space
# Possible reasons:
#   The system is out of physical RAM or swap space
#   The process is running with CompressedOops enabled, and the Java Heap may be blocking the growth of the native heap
# Possible solutions:
#   Reduce memory load on the system
#   Increase physical memory or swap space
#   Check if swap backing store is full
#   Decrease Java heap size (-Xmx/-Xms)
#   Decrease number of Java threads
#   Decrease Java thread stack sizes (-Xss)
#   Set larger code cache with -XX:ReservedCodeCacheSize=
#   JVM is running with Unscaled Compressed Oops mode in which the Java heap is
#     placed in the first 4GB address space. The Java Heap base address is the
#     maximum limit for the native heap growth. Please use -XX:HeapBaseMinAddress
#     to set the Java Heap base and to place the Java Heap above 4GB virtual address.
# This output file may be truncated or incomplete.
#
#  Out of Memory Error (os_windows.cpp:3541), pid=16536, tid=1308
#
# JRE version:  (17.0.4.1+1) (build )
# Java VM: OpenJDK 64-Bit Server VM (17.0.4.1+1, mixed mode, sharing, tiered, compressed oops, compressed class ptrs, g1 gc, windows-amd64)
# Core dump will be written. Default location: C:\CRS-TCS-JAVA-POS\CRS_TCS_JAVA_POS\hs_err_pid16536.mdmp
#

---------------  S U M M A R Y ------------

Command Line: -Dfile.encoding=UTF-8 -XX:+ShowCodeDetailsInExceptionMessages com.tcs.client.CRSApplication

Host: Intel Xeon Processor (Cascadelake), 4 cores, 7G,  Windows Server 2019 , 64 bit Build 17763 (10.0.17763.3287)
Time: Wed Nov 16 04:31:18 2022 Coordinated Universal Time elapsed time: 0.025538 seconds (0d 0h 0m 0s)

---------------  T H R E A D  ---------------

Current thread (0x0000021ff639f7b0):  JavaThread "Unknown thread" [_thread_in_vm, id=1308, stack(0x000000fb01100000,0x000000fb01200000)]

Stack: [0x000000fb01100000,0x000000fb01200000]
Native frames: (J=compiled Java code, j=interpreted, Vv=VM code, C=native code)
V  [jvm.dll+0x67731a]
V  [jvm.dll+0x832284]
V  [jvm.dll+0x833a2e]
V  [jvm.dll+0x834093]
V  [jvm.dll+0x245775]
V  [jvm.dll+0x674209]
V  [jvm.dll+0x668a92]
V  [jvm.dll+0x30471b]
V  [jvm.dll+0x30bc66]
V  [jvm.dll+0x35ba9e]
V  [jvm.dll+0x35bccf]
V  [jvm.dll+0x2db5b8]
V  [jvm.dll+0x2dc524]
V  [jvm.dll+0x803db1]
V  [jvm.dll+0x3698f1]
V  [jvm.dll+0x7e31bc]
V  [jvm.dll+0x3ec25f]
V  [jvm.dll+0x3edde1]
C  [jli.dll+0x5277]
C  [ucrtbase.dll+0x2268a]
C  [KERNEL32.DLL+0x17974]
C  [ntdll.dll+0x5a2f1]


---------------  P R O C E S S  ---------------

Threads class SMR info:
_java_thread_list=0x00007ff99ebf4e98, length=0, elements={
}

Java Threads: ( => current thread )

Other Threads:
  0x0000021ff63fbe40 GCTaskThread "GC Thread#0" [stack: 0x000000fb01200000,0x000000fb01300000] [id=11620]
  0x0000021ff640db40 ConcurrentGCThread "G1 Main Marker" [stack: 0x000000fb01300000,0x000000fb01400000] [id=13248]
  0x0000021ff6410410 ConcurrentGCThread "G1 Conc#0" [stack: 0x000000fb01400000,0x000000fb01500000] [id=17100]

[error occurred during error reporting (printing all threads), id 0xc0000005, EXCEPTION_ACCESS_VIOLATION (0xc0000005) at pc=0x00007ff99e3cc047]

VM state: not at safepoint (not fully initialized)

VM Mutex/Monitor currently owned by a thread:  ([mutex/lock_event])
[0x0000021ff639c230] Heap_lock - owner thread: 0x0000021ff639f7b0

Heap address: 0x0000000080000000, size: 2048 MB, Compressed Oops mode: 32-bit

CDS archive(s) mapped at: [0x0000000000000000-0x0000000000000000-0x0000000000000000), size 0, SharedBaseAddress: 0x0000000800000000, ArchiveRelocationMode: 0.
Narrow klass base: 0x0000000000000000, Narrow klass shift: 0, Narrow klass range: 0x0

GC Precious Log:
<Empty>

Heap:
 garbage-first heap   total 0K, used 0K [0x0000000080000000, 0x0000000100000000)
  region size 1024K, 0 young (0K), 0 survivors (0K)

[error occurred during error reporting (printing heap information), id 0xc0000005, EXCEPTION_ACCESS_VIOLATION (0xc0000005) at pc=0x00007ff99e7b0699]

GC Heap History (0 events):
No events

Deoptimization events (0 events):
No events

Classes unloaded (0 events):
No events

Classes redefined (0 events):
No events

Internal exceptions (0 events):
No events

VM Operations (0 events):
No events

Events (1 events):
Event: 0.007 Loaded shared library C:\Users\Administrator\Documents\contents\sts-4.16.1.RELEASE\plugins\org.eclipse.justj.openjdk.hotspot.jre.full.win32.x86_64_17.0.4.v20221004-1257\jre\bin\java.dll


Dynamic libraries:
0x00007ff7865e0000 - 0x00007ff7865ee000 	C:\Users\Administrator\Documents\contents\sts-4.16.1.RELEASE\plugins\org.eclipse.justj.openjdk.hotspot.jre.full.win32.x86_64_17.0.4.v20221004-1257\jre\bin\javaw.exe
0x00007ff9bf9f0000 - 0x00007ff9bfbde000 	C:\Windows\SYSTEM32\ntdll.dll
0x00007ff9bd050000 - 0x00007ff9bd103000 	C:\Windows\System32\KERNEL32.DLL
0x00007ff9bc960000 - 0x00007ff9bcbfa000 	C:\Windows\System32\KERNELBASE.dll
0x00007ff9bc570000 - 0x00007ff9bc66a000 	C:\Windows\System32\ucrtbase.dll
0x00007ff9afee0000 - 0x00007ff9afef8000 	C:\Users\Administrator\Documents\contents\sts-4.16.1.RELEASE\plugins\org.eclipse.justj.openjdk.hotspot.jre.full.win32.x86_64_17.0.4.v20221004-1257\jre\bin\jli.dll
0x00007ff9bce10000 - 0x00007ff9bcfa7000 	C:\Windows\System32\USER32.dll
0x00007ff9bc940000 - 0x00007ff9bc960000 	C:\Windows\System32\win32u.dll
0x00007ff9bd350000 - 0x00007ff9bd379000 	C:\Windows\System32\GDI32.dll
0x00007ff9bc670000 - 0x00007ff9bc80c000 	C:\Windows\System32\gdi32full.dll
0x00007ff9bc810000 - 0x00007ff9bc8b0000 	C:\Windows\System32\msvcp_win.dll
0x00007ff9b2e10000 - 0x00007ff9b2e29000 	C:\Users\Administrator\Documents\contents\sts-4.16.1.RELEASE\plugins\org.eclipse.justj.openjdk.hotspot.jre.full.win32.x86_64_17.0.4.v20221004-1257\jre\bin\VCRUNTIME140.dll
0x00007ff9ac030000 - 0x00007ff9ac2a9000 	C:\Windows\WinSxS\amd64_microsoft.windows.common-controls_6595b64144ccf1df_6.0.17763.3287_none_de7548d65347b682\COMCTL32.dll
0x00007ff9bed80000 - 0x00007ff9bee1e000 	C:\Windows\System32\msvcrt.dll
0x00007ff9bee30000 - 0x00007ff9bf15b000 	C:\Windows\System32\combase.dll
0x00007ff9bd430000 - 0x00007ff9bd54d000 	C:\Windows\System32\RPCRT4.dll
0x00007ff9bc8b0000 - 0x00007ff9bc932000 	C:\Windows\System32\bcryptPrimitives.dll
0x00007ff9bf160000 - 0x00007ff9bf18e000 	C:\Windows\System32\IMM32.DLL
0x00007ff9b2d50000 - 0x00007ff9b2d5c000 	C:\Users\Administrator\Documents\contents\sts-4.16.1.RELEASE\plugins\org.eclipse.justj.openjdk.hotspot.jre.full.win32.x86_64_17.0.4.v20221004-1257\jre\bin\vcruntime140_1.dll
0x00007ff99f690000 - 0x00007ff99f721000 	C:\Users\Administrator\Documents\contents\sts-4.16.1.RELEASE\plugins\org.eclipse.justj.openjdk.hotspot.jre.full.win32.x86_64_17.0.4.v20221004-1257\jre\bin\msvcp140.dll
0x00007ff99e0e0000 - 0x00007ff99ed26000 	C:\Users\Administrator\Documents\contents\sts-4.16.1.RELEASE\plugins\org.eclipse.justj.openjdk.hotspot.jre.full.win32.x86_64_17.0.4.v20221004-1257\jre\bin\server\jvm.dll
0x00007ff9bd610000 - 0x00007ff9bd6b7000 	C:\Windows\System32\ADVAPI32.dll
0x00007ff9bcfb0000 - 0x00007ff9bd04f000 	C:\Windows\System32\sechost.dll
0x00007ff9bd6c0000 - 0x00007ff9bd6c8000 	C:\Windows\System32\PSAPI.DLL
0x00007ff9b41d0000 - 0x00007ff9b41d9000 	C:\Windows\SYSTEM32\WSOCK32.dll
0x00007ff9bf2c0000 - 0x00007ff9bf32d000 	C:\Windows\System32\WS2_32.dll
0x00007ff9b9c90000 - 0x00007ff9b9cb4000 	C:\Windows\SYSTEM32\WINMM.dll
0x00007ff9b4620000 - 0x00007ff9b462a000 	C:\Windows\SYSTEM32\VERSION.dll
0x00007ff9b9c60000 - 0x00007ff9b9c8d000 	C:\Windows\SYSTEM32\WINMMBASE.dll
0x00007ff9bbc90000 - 0x00007ff9bbcda000 	C:\Windows\System32\cfgmgr32.dll
0x00007ff9bb9c0000 - 0x00007ff9bb9d1000 	C:\Windows\System32\kernel.appcore.dll
0x00007ff9b2d40000 - 0x00007ff9b2d4a000 	C:\Users\Administrator\Documents\contents\sts-4.16.1.RELEASE\plugins\org.eclipse.justj.openjdk.hotspot.jre.full.win32.x86_64_17.0.4.v20221004-1257\jre\bin\jimage.dll
0x00007ff9b0dd0000 - 0x00007ff9b0fbd000 	C:\Windows\SYSTEM32\DBGHELP.DLL
0x00007ff9b0830000 - 0x00007ff9b085a000 	C:\Windows\SYSTEM32\dbgcore.DLL
0x00007ff9b2ca0000 - 0x00007ff9b2cc5000 	C:\Users\Administrator\Documents\contents\sts-4.16.1.RELEASE\plugins\org.eclipse.justj.openjdk.hotspot.jre.full.win32.x86_64_17.0.4.v20221004-1257\jre\bin\java.dll

dbghelp: loaded successfully - version: 4.0.5 - missing functions: none
symbol engine: initialized successfully - sym options: 0x614 - pdb path: .;C:\Users\Administrator\Documents\contents\sts-4.16.1.RELEASE\plugins\org.eclipse.justj.openjdk.hotspot.jre.full.win32.x86_64_17.0.4.v20221004-1257\jre\bin;C:\Windows\SYSTEM32;C:\Windows\WinSxS\amd64_microsoft.windows.common-controls_6595b64144ccf1df_6.0.17763.3287_none_de7548d65347b682;C:\Users\Administrator\Documents\contents\sts-4.16.1.RELEASE\plugins\org.eclipse.justj.openjdk.hotspot.jre.full.win32.x86_64_17.0.4.v20221004-1257\jre\bin\server

VM Arguments:
jvm_args: -Dfile.encoding=UTF-8 -XX:+ShowCodeDetailsInExceptionMessages 
java_command: com.tcs.client.CRSApplication
java_class_path (initial): C:\CRS-TCS-JAVA-POS\CRS_TCS_JAVA_POS\bin;C:\Users\Administrator\Downloads\mysql\mysql-connector-java-5.1.7-bin.jar
Launcher Type: SUN_STANDARD

[Global flags]
     intx CICompilerCount                          = 3                                         {product} {ergonomic}
     uint ConcGCThreads                            = 1                                         {product} {ergonomic}
     uint G1ConcRefinementThreads                  = 4                                         {product} {ergonomic}
   size_t G1HeapRegionSize                         = 1048576                                   {product} {ergonomic}
    uintx GCDrainStackTargetSize                   = 64                                        {product} {ergonomic}
   size_t InitialHeapSize                          = 134217728                                 {product} {ergonomic}
   size_t MarkStackSize                            = 4194304                                   {product} {ergonomic}
   size_t MaxHeapSize                              = 2147483648                                {product} {ergonomic}
   size_t MinHeapDeltaBytes                        = 1048576                                   {product} {ergonomic}
   size_t MinHeapSize                              = 8388608                                   {product} {ergonomic}
    uintx NonNMethodCodeHeapSize                   = 5832780                                {pd product} {ergonomic}
    uintx NonProfiledCodeHeapSize                  = 122912730                              {pd product} {ergonomic}
    uintx ProfiledCodeHeapSize                     = 122912730                              {pd product} {ergonomic}
    uintx ReservedCodeCacheSize                    = 251658240                              {pd product} {ergonomic}
     bool SegmentedCodeCache                       = true                                      {product} {ergonomic}
     bool ShowCodeDetailsInExceptionMessages       = true                                   {manageable} {command line}
   size_t SoftMaxHeapSize                          = 2147483648                             {manageable} {ergonomic}
     bool UseCompressedClassPointers               = true                           {product lp64_product} {ergonomic}
     bool UseCompressedOops                        = true                           {product lp64_product} {ergonomic}
     bool UseG1GC                                  = true                                      {product} {ergonomic}
     bool UseLargePagesIndividualAllocation        = false                                  {pd product} {ergonomic}

Logging:
Log output configuration:
 #0: stdout all=warning uptime,level,tags
 #1: stderr all=off uptime,level,tags

Environment Variables:
PATH=C:/Users/Administrator/Documents/contents/sts-4.16.1.RELEASE//plugins/org.eclipse.justj.openjdk.hotspot.jre.full.win32.x86_64_17.0.4.v20221004-1257/jre/bin/server;C:/Users/Administrator/Documents/contents/sts-4.16.1.RELEASE//plugins/org.eclipse.justj.openjdk.hotspot.jre.full.win32.x86_64_17.0.4.v20221004-1257/jre/bin;C:\Windows\system32;C:\Windows;C:\Windows\System32\Wbem;C:\Windows\System32\WindowsPowerShell\v1.0\;C:\Windows\System32\OpenSSH\;C:\jdk-11\bin;C:\jdk-11\bin;;C:\Users\Administrator\Documents\contents\sts-4.16.1.RELEASE;
USERNAME=Administrator
OS=Windows_NT
PROCESSOR_IDENTIFIER=Intel64 Family 6 Model 85 Stepping 6, GenuineIntel
TMP=C:\Users\ADMINI~1\AppData\Local\Temp\2
TEMP=C:\Users\ADMINI~1\AppData\Local\Temp\2



---------------  S Y S T E M  ---------------

OS:
 Windows Server 2019 , 64 bit Build 17763 (10.0.17763.3287)
OS uptime: 9 days 10:58 hours
KVM virtualization detected

CPU: total 4 (initial active 4) (2 cores per cpu, 2 threads per core) family 6 model 85 stepping 6 microcode 0x1, cx8, cmov, fxsr, ht, mmx, sse, sse2, sse3, ssse3, sse4.1, sse4.2, popcnt, lzcnt, tsc, avx, avx2, aes, erms, clmul, bmi1, bmi2, avx512f, avx512dq, avx512cd, avx512bw, avx512vl, fma, vzeroupper, avx512_vnni, clflush, clflushopt, clwb, hv

Memory: 4k page, system-wide physical 8191M (696M free)
TotalPageFile size 20479M (AvailPageFile size 21M)
current process WorkingSet (physical memory assigned to process): 10M, peak: 10M
current process commit charge ("private bytes"): 51M, peak: 179M

vm_info: OpenJDK 64-Bit Server VM (17.0.4.1+1) for windows-amd64 JRE (17.0.4.1+1), built on Aug 17 2022 07:42:43 by "temurin" with MS VC++ 16.7 (VS2019)

END.
